<?xml version="1.0" encoding="UTF-8"?>
<!-- Generated by org.testng.reporters.JUnitXMLReporter -->
<testsuite ignored="0" hostname="DESKTOP-JR3NMG7" failures="0" tests="10" name="MyTests" time="29.556" errors="0" timestamp="2023-02-26T21:35:04 CET">
  <testcase classname="tests.api.PositiveAPITests" name="UpdatePlayerTest" time="4.824"/>
  <testcase classname="tests.api.PositiveAPITests" name="createPlayerTest" time="0.368"/>
  <testcase classname="tests.api.PositiveAPITests" name="deletePlayerTest" time="0.593"/>
  <testcase classname="tests.api.PositiveAPITests" name="getAllPlayersTest" time="0.252"/>
  <testcase classname="tests.api.PositiveAPITests" name="getPlayerByIdTest" time="10.804"/>
  <testcase classname="tests.api.NegativeAPITests" name="UpdatePlayerTest" time="0.609"/>
  <testcase classname="tests.api.NegativeAPITests" name="createPlayerTest" time="0.294"/>
  <testcase classname="tests.api.NegativeAPITests" name="deletePlayerTest" time="0.507"/>
  <testcase classname="tests.api.NegativeAPITests" name="getAllPlayersTest" time="0.205"/>
  <testcase classname="tests.api.NegativeAPITests" name="getPlayerByIdTest" time="10.926"/>
</testsuite> <!-- MyTests -->
