<?xml version="1.0" encoding="UTF-8"?>
<testsuite xmlns:xsi="http://www.w3.org/2001/XMLSchema-instance" xsi:noNamespaceSchemaLocation="https://maven.apache.org/surefire/maven-surefire-plugin/xsd/surefire-test-report.xsd" name="TestSuite" time="9.225" tests="10" errors="0" skipped="0" failures="1">
  <properties>
[...]
</properties>
  <testcase name="UpdatePlayerTest" classname="tests.api.PositiveAPITests" time="4.409"/>
  <testcase name="UpdatePlayerNegativeTest" classname="tests.api.NegativeAPITests" time="4.411"/>
  <testcase name="createPlayerNegativeTest" classname="tests.api.NegativeAPITests" time="0.445"/>
  <testcase name="createPlayerTest" classname="tests.api.PositiveAPITests" time="0.08">
    <failure message="1 expectation failed.&#10;Expected status code &lt;200&gt; but was &lt;403&gt;.&#10;" type="java.lang.AssertionError"><![CDATA[java.lang.AssertionError: 
1 expectation failed.
Expected status code <200> but was <403>.

	at tests.api.PositiveAPITests.createPlayerTest(PositiveAPITests.java:28)
]]></failure>
    <system-out><![CDATA[[INFO ] Sending a DELETE request to delete a player: Logger=tests.api.NegativeAPITests 2023-02-26 23:00  Строка: 36 
Request method:	GET
Request URI:	http://3.68.165.45/player/get/all
Proxy:			<none>
Request params:	<none>
Query params:	<none>
Form params:	<none>
Path params:	<none>
Headers:		Accept=*/*
				Content-Type=application/json
Cookies:		<none>
Multiparts:		<none>
Body:			<none>
]]></system-out>
  </testcase>
  <testcase name="deletePlayerNegativeTest" classname="tests.api.NegativeAPITests" time="0.796"/>
  <testcase name="deletePlayerTest" classname="tests.api.PositiveAPITests" time="0.005"/>
  <testcase name="getAllPlayersNegativeTest" classname="tests.api.NegativeAPITests" time="0.343"/>
  <testcase name="getAllPlayersTest" classname="tests.api.PositiveAPITests" time="0"/>
  <testcase name="getPlayerByIdNegativeTest" classname="tests.api.NegativeAPITests" time="0.248"/>
  <testcase name="getPlayerByIdTest" classname="tests.api.PositiveAPITests" time="0.448"/>
</testsuite>